app/build/intermediates/manifest_merge_blame_file/debug/processDebugMainManifest/manifest-merger-blame-debug-report.txt
1<?xml version="1.0" encoding="utf-8"?>
2<manifest xmlns:android="http://schemas.android.com/apk/res/android"
3    package="com.zerosms.testing"
4    android:versionCode="1"
5    android:versionName="1.0.0" >
6
7    <uses-sdk
8        android:minSdkVersion="24"
9        android:targetSdkVersion="35" />
10
11    <!-- SMS Permissions -->
12    <uses-permission android:name="android.permission.SEND_SMS" />
12-->src\main\AndroidManifest.xml:6:5-67
12-->src\main\AndroidManifest.xml:6:22-64
13    <uses-permission android:name="android.permission.RECEIVE_SMS" />
13-->src\main\AndroidManifest.xml:7:5-70
13-->src\main\AndroidManifest.xml:7:22-67
14    <uses-permission android:name="android.permission.READ_SMS" />
14-->src\main\AndroidManifest.xml:8:5-67
14-->src\main\AndroidManifest.xml:8:22-64
15    <uses-permission android:name="android.permission.RECEIVE_MMS" />
15-->src\main\AndroidManifest.xml:9:5-70
15-->src\main\AndroidManifest.xml:9:22-67
16    <uses-permission android:name="android.permission.READ_PHONE_STATE" />
16-->src\main\AndroidManifest.xml:10:5-75
16-->src\main\AndroidManifest.xml:10:22-72
17    <uses-permission android:name="android.permission.READ_PHONE_NUMBERS" />
17-->src\main\AndroidManifest.xml:11:5-77
17-->src\main\AndroidManifest.xml:11:22-74
18
19    <!-- Network for MMS/RCS -->
20    <uses-permission android:name="android.permission.INTERNET" />
20-->src\main\AndroidManifest.xml:14:5-67
20-->src\main\AndroidManifest.xml:14:22-64
21    <uses-permission android:name="android.permission.ACCESS_NETWORK_STATE" />
21-->src\main\AndroidManifest.xml:15:5-79
21-->src\main\AndroidManifest.xml:15:22-76
22    <uses-permission android:name="android.permission.CHANGE_NETWORK_STATE" />
22-->src\main\AndroidManifest.xml:16:5-79
22-->src\main\AndroidManifest.xml:16:22-76
23    <uses-permission android:name="android.permission.WRITE_APN_SETTINGS" />
23-->src\main\AndroidManifest.xml:17:5-18:47
23-->src\main\AndroidManifest.xml:17:22-74
24
25    <!-- Contact permissions -->
26    <uses-permission android:name="android.permission.READ_CONTACTS" />
26-->src\main\AndroidManifest.xml:21:5-72
26-->src\main\AndroidManifest.xml:21:22-69
27
28    <!-- Storage for MMS attachments -->
29    <uses-permission
29-->src\main\AndroidManifest.xml:24:5-25:38
30        android:name="android.permission.READ_EXTERNAL_STORAGE"
30-->src\main\AndroidManifest.xml:24:22-77
31        android:maxSdkVersion="32" />
31-->src\main\AndroidManifest.xml:25:9-35
32    <uses-permission
32-->src\main\AndroidManifest.xml:26:5-28:40
33        android:name="android.permission.WRITE_EXTERNAL_STORAGE"
33-->src\main\AndroidManifest.xml:26:22-78
34        android:maxSdkVersion="29" />
34-->src\main\AndroidManifest.xml:27:9-35
35    <uses-permission android:name="android.permission.READ_MEDIA_IMAGES" />
35-->src\main\AndroidManifest.xml:29:5-76
35-->src\main\AndroidManifest.xml:29:22-73
36    <uses-permission android:name="android.permission.READ_MEDIA_VIDEO" />
36-->src\main\AndroidManifest.xml:30:5-75
36-->src\main\AndroidManifest.xml:30:22-72
37    <uses-permission android:name="android.permission.READ_MEDIA_AUDIO" />
37-->src\main\AndroidManifest.xml:31:5-75
37-->src\main\AndroidManifest.xml:31:22-72
38
39    <!-- Notification permissions for Android 13+ -->
40    <uses-permission android:name="android.permission.POST_NOTIFICATIONS" />
40-->src\main\AndroidManifest.xml:34:5-77
40-->src\main\AndroidManifest.xml:34:22-74
41
42    <!-- Wake lock for background operations -->
43    <uses-permission android:name="android.permission.WAKE_LOCK" />
43-->src\main\AndroidManifest.xml:37:5-68
43-->src\main\AndroidManifest.xml:37:22-65
44
45    <!-- Foreground service -->
46    <uses-permission android:name="android.permission.FOREGROUND_SERVICE" />
46-->src\main\AndroidManifest.xml:40:5-77
46-->src\main\AndroidManifest.xml:40:22-74
47    <uses-permission android:name="android.permission.RECEIVE_BOOT_COMPLETED" />
47-->[androidx.work:work-runtime:2.10.0] AndroidManifest.xml:25:5-81
47-->[androidx.work:work-runtime:2.10.0] AndroidManifest.xml:25:22-78
48
49    <permission
49-->[androidx.core:core:1.15.0] AndroidManifest.xml:22:5-24:47
50        android:name="com.zerosms.testing.DYNAMIC_RECEIVER_NOT_EXPORTED_PERMISSION"
50-->[androidx.core:core:1.15.0] AndroidManifest.xml:23:9-81
51        android:protectionLevel="signature" />
51-->[androidx.core:core:1.15.0] AndroidManifest.xml:24:9-44
52
53    <uses-permission android:name="com.zerosms.testing.DYNAMIC_RECEIVER_NOT_EXPORTED_PERMISSION" />
53-->[androidx.core:core:1.15.0] AndroidManifest.xml:26:5-97
53-->[androidx.core:core:1.15.0] AndroidManifest.xml:26:22-94
54
55    <application
55-->src\main\AndroidManifest.xml:42:5-104:19
56        android:name="com.zerosms.testing.ZeroSMSApplication"
56-->src\main\AndroidManifest.xml:49:9-43
57        android:allowBackup="true"
57-->src\main\AndroidManifest.xml:43:9-35
58        android:appComponentFactory="androidx.core.app.CoreComponentFactory"
58-->[androidx.core:core:1.15.0] AndroidManifest.xml:28:18-86
59        android:debuggable="true"
60        android:extractNativeLibs="false"
61        android:icon="@mipmap/ic_launcher"
61-->src\main\AndroidManifest.xml:44:9-43
62        android:label="@string/app_name"
62-->src\main\AndroidManifest.xml:45:9-41
63        android:roundIcon="@mipmap/ic_launcher_round"
63-->src\main\AndroidManifest.xml:46:9-54
64        android:supportsRtl="true"
64-->src\main\AndroidManifest.xml:47:9-35
65        android:theme="@style/Theme.ZeroSMS" >
65-->src\main\AndroidManifest.xml:48:9-45
66        <activity
66-->src\main\AndroidManifest.xml:51:9-60:20
67            android:name="com.zerosms.testing.MainActivity"
67-->src\main\AndroidManifest.xml:52:13-41
68            android:exported="true"
68-->src\main\AndroidManifest.xml:53:13-36
69            android:theme="@style/Theme.ZeroSMS"
69-->src\main\AndroidManifest.xml:54:13-49
70            android:windowSoftInputMode="adjustResize" >
70-->src\main\AndroidManifest.xml:55:13-55
71            <intent-filter>
71-->src\main\AndroidManifest.xml:56:13-59:29
72                <action android:name="android.intent.action.MAIN" />
72-->src\main\AndroidManifest.xml:57:17-69
72-->src\main\AndroidManifest.xml:57:25-66
73
74                <category android:name="android.intent.category.LAUNCHER" />
74-->src\main\AndroidManifest.xml:58:17-77
74-->src\main\AndroidManifest.xml:58:27-74
75            </intent-filter>
76        </activity>
77
78        <!-- SMS Receiver -->
79        <receiver
79-->src\main\AndroidManifest.xml:63:9-71:20
80            android:name="com.zerosms.testing.core.receiver.SmsReceiver"
80-->src\main\AndroidManifest.xml:64:13-54
81            android:exported="true"
81-->src\main\AndroidManifest.xml:65:13-36
82            android:permission="android.permission.BROADCAST_SMS" >
82-->src\main\AndroidManifest.xml:66:13-66
83            <intent-filter android:priority="1000" >
83-->src\main\AndroidManifest.xml:67:13-70:29
83-->src\main\AndroidManifest.xml:67:28-51
84                <action android:name="android.provider.Telephony.SMS_RECEIVED" />
84-->src\main\AndroidManifest.xml:68:17-82
84-->src\main\AndroidManifest.xml:68:25-79
85                <action android:name="android.provider.Telephony.SMS_DELIVER" />
85-->src\main\AndroidManifest.xml:69:17-81
85-->src\main\AndroidManifest.xml:69:25-78
86            </intent-filter>
87        </receiver>
88
89        <!-- MMS Receiver -->
90        <receiver
90-->src\main\AndroidManifest.xml:74:9-82:20
91            android:name="com.zerosms.testing.core.receiver.MmsReceiver"
91-->src\main\AndroidManifest.xml:75:13-54
92            android:exported="true"
92-->src\main\AndroidManifest.xml:76:13-36
93            android:permission="android.permission.BROADCAST_WAP_PUSH" >
93-->src\main\AndroidManifest.xml:77:13-71
94            <intent-filter>
94-->src\main\AndroidManifest.xml:78:13-81:29
95                <action android:name="android.provider.Telephony.WAP_PUSH_RECEIVED" />
95-->src\main\AndroidManifest.xml:79:17-87
95-->src\main\AndroidManifest.xml:79:25-84
96
97                <data android:mimeType="application/vnd.wap.mms-message" />
97-->src\main\AndroidManifest.xml:80:17-76
97-->src\main\AndroidManifest.xml:80:23-73
98            </intent-filter>
99        </receiver>
100
101        <!-- Delivery Report Receivers -->
102        <receiver
102-->src\main\AndroidManifest.xml:85:9-92:20
103            android:name="com.zerosms.testing.core.receiver.DeliveryReceiver"
103-->src\main\AndroidManifest.xml:86:13-59
104            android:exported="false" >
104-->src\main\AndroidManifest.xml:87:13-37
105            <intent-filter>
105-->src\main\AndroidManifest.xml:88:13-91:29
106                <action android:name="com.zerosms.testing.SMS_DELIVERED" />
106-->src\main\AndroidManifest.xml:89:17-76
106-->src\main\AndroidManifest.xml:89:25-73
107                <action android:name="com.zerosms.testing.SMS_SENT" />
107-->src\main\AndroidManifest.xml:90:17-71
107-->src\main\AndroidManifest.xml:90:25-68
108            </intent-filter>
109        </receiver>
110
111        <!-- WorkManager initialization -->
112        <provider
113            android:name="androidx.startup.InitializationProvider"
113-->src\main\AndroidManifest.xml:96:13-67
114            android:authorities="com.zerosms.testing.androidx-startup"
114-->src\main\AndroidManifest.xml:97:13-68
115            android:exported="false" >
115-->src\main\AndroidManifest.xml:98:13-37
116            <meta-data
116-->src\main\AndroidManifest.xml:100:13-102:52
117                android:name="androidx.work.WorkManagerInitializer"
117-->src\main\AndroidManifest.xml:101:17-68
118                android:value="androidx.startup" />
118-->src\main\AndroidManifest.xml:102:17-49
119            <meta-data
119-->[androidx.lifecycle:lifecycle-process:2.8.7] AndroidManifest.xml:29:13-31:52
120                android:name="androidx.lifecycle.ProcessLifecycleInitializer"
120-->[androidx.lifecycle:lifecycle-process:2.8.7] AndroidManifest.xml:30:17-78
121                android:value="androidx.startup" />
121-->[androidx.lifecycle:lifecycle-process:2.8.7] AndroidManifest.xml:31:17-49
122            <meta-data
122-->[androidx.emoji2:emoji2:1.3.0] AndroidManifest.xml:29:13-31:52
123                android:name="androidx.emoji2.text.EmojiCompatInitializer"
123-->[androidx.emoji2:emoji2:1.3.0] AndroidManifest.xml:30:17-75
124                android:value="androidx.startup" />
124-->[androidx.emoji2:emoji2:1.3.0] AndroidManifest.xml:31:17-49
125            <meta-data
125-->[androidx.profileinstaller:profileinstaller:1.3.1] AndroidManifest.xml:29:13-31:52
126                android:name="androidx.profileinstaller.ProfileInstallerInitializer"
126-->[androidx.profileinstaller:profileinstaller:1.3.1] AndroidManifest.xml:30:17-85
127                android:value="androidx.startup" />
127-->[androidx.profileinstaller:profileinstaller:1.3.1] AndroidManifest.xml:31:17-49
128        </provider>
129
130        <activity
130-->[androidx.compose.ui:ui-tooling-android:1.7.5] AndroidManifest.xml:23:9-25:39
131            android:name="androidx.compose.ui.tooling.PreviewActivity"
131-->[androidx.compose.ui:ui-tooling-android:1.7.5] AndroidManifest.xml:24:13-71
132            android:exported="true" />
132-->[androidx.compose.ui:ui-tooling-android:1.7.5] AndroidManifest.xml:25:13-36
133        <activity
133-->[androidx.compose.ui:ui-test-manifest:1.7.5] AndroidManifest.xml:23:9-25:39
134            android:name="androidx.activity.ComponentActivity"
134-->[androidx.compose.ui:ui-test-manifest:1.7.5] AndroidManifest.xml:24:13-63
135            android:exported="true" />
135-->[androidx.compose.ui:ui-test-manifest:1.7.5] AndroidManifest.xml:25:13-36
136
137        <service
137-->[androidx.work:work-runtime:2.10.0] AndroidManifest.xml:39:9-45:35
138            android:name="androidx.work.impl.background.systemalarm.SystemAlarmService"
138-->[androidx.work:work-runtime:2.10.0] AndroidManifest.xml:40:13-88
139            android:directBootAware="false"
139-->[androidx.work:work-runtime:2.10.0] AndroidManifest.xml:41:13-44
140            android:enabled="@bool/enable_system_alarm_service_default"
140-->[androidx.work:work-runtime:2.10.0] AndroidManifest.xml:42:13-72
141            android:exported="false" />
141-->[androidx.work:work-runtime:2.10.0] AndroidManifest.xml:43:13-37
142        <service
142-->[androidx.work:work-runtime:2.10.0] AndroidManifest.xml:46:9-52:35
143            android:name="androidx.work.impl.background.systemjob.SystemJobService"
143-->[androidx.work:work-runtime:2.10.0] AndroidManifest.xml:47:13-84
144            android:directBootAware="false"
144-->[androidx.work:work-runtime:2.10.0] AndroidManifest.xml:48:13-44
145            android:enabled="@bool/enable_system_job_service_default"
145-->[androidx.work:work-runtime:2.10.0] AndroidManifest.xml:49:13-70
146            android:exported="true"
146-->[androidx.work:work-runtime:2.10.0] AndroidManifest.xml:50:13-36
147            android:permission="android.permission.BIND_JOB_SERVICE" />
147-->[androidx.work:work-runtime:2.10.0] AndroidManifest.xml:51:13-69
148        <service
148-->[androidx.work:work-runtime:2.10.0] AndroidManifest.xml:53:9-59:35
149            android:name="androidx.work.impl.foreground.SystemForegroundService"
149-->[androidx.work:work-runtime:2.10.0] AndroidManifest.xml:54:13-81
150            android:directBootAware="false"
150-->[androidx.work:work-runtime:2.10.0] AndroidManifest.xml:55:13-44
151            android:enabled="@bool/enable_system_foreground_service_default"
151-->[androidx.work:work-runtime:2.10.0] AndroidManifest.xml:56:13-77
152            android:exported="false" />
152-->[androidx.work:work-runtime:2.10.0] AndroidManifest.xml:57:13-37
153
154        <receiver
154-->[androidx.work:work-runtime:2.10.0] AndroidManifest.xml:61:9-66:35
155            android:name="androidx.work.impl.utils.ForceStopRunnable$BroadcastReceiver"
155-->[androidx.work:work-runtime:2.10.0] AndroidManifest.xml:62:13-88
156            android:directBootAware="false"
156-->[androidx.work:work-runtime:2.10.0] AndroidManifest.xml:63:13-44
157            android:enabled="true"
157-->[androidx.work:work-runtime:2.10.0] AndroidManifest.xml:64:13-35
158            android:exported="false" />
158-->[androidx.work:work-runtime:2.10.0] AndroidManifest.xml:65:13-37
159        <receiver
159-->[androidx.work:work-runtime:2.10.0] AndroidManifest.xml:67:9-77:20
160            android:name="androidx.work.impl.background.systemalarm.ConstraintProxy$BatteryChargingProxy"
160-->[androidx.work:work-runtime:2.10.0] AndroidManifest.xml:68:13-106
161            android:directBootAware="false"
161-->[androidx.work:work-runtime:2.10.0] AndroidManifest.xml:69:13-44
162            android:enabled="false"
162-->[androidx.work:work-runtime:2.10.0] AndroidManifest.xml:70:13-36
163            android:exported="false" >
163-->[androidx.work:work-runtime:2.10.0] AndroidManifest.xml:71:13-37
164            <intent-filter>
164-->[androidx.work:work-runtime:2.10.0] AndroidManifest.xml:73:13-76:29
165                <action android:name="android.intent.action.ACTION_POWER_CONNECTED" />
165-->[androidx.work:work-runtime:2.10.0] AndroidManifest.xml:74:17-87
165-->[androidx.work:work-runtime:2.10.0] AndroidManifest.xml:74:25-84
166                <action android:name="android.intent.action.ACTION_POWER_DISCONNECTED" />
166-->[androidx.work:work-runtime:2.10.0] AndroidManifest.xml:75:17-90
166-->[androidx.work:work-runtime:2.10.0] AndroidManifest.xml:75:25-87
167            </intent-filter>
168        </receiver>
169        <receiver
169-->[androidx.work:work-runtime:2.10.0] AndroidManifest.xml:78:9-88:20
170            android:name="androidx.work.impl.background.systemalarm.ConstraintProxy$BatteryNotLowProxy"
170-->[androidx.work:work-runtime:2.10.0] AndroidManifest.xml:79:13-104
171            android:directBootAware="false"
171-->[androidx.work:work-runtime:2.10.0] AndroidManifest.xml:80:13-44
172            android:enabled="false"
172-->[androidx.work:work-runtime:2.10.0] AndroidManifest.xml:81:13-36
173            android:exported="false" >
173-->[androidx.work:work-runtime:2.10.0] AndroidManifest.xml:82:13-37
174            <intent-filter>
174-->[androidx.work:work-runtime:2.10.0] AndroidManifest.xml:84:13-87:29
175                <action android:name="android.intent.action.BATTERY_OKAY" />
175-->[androidx.work:work-runtime:2.10.0] AndroidManifest.xml:85:17-77
175-->[androidx.work:work-runtime:2.10.0] AndroidManifest.xml:85:25-74
176                <action android:name="android.intent.action.BATTERY_LOW" />
176-->[androidx.work:work-runtime:2.10.0] AndroidManifest.xml:86:17-76
176-->[androidx.work:work-runtime:2.10.0] AndroidManifest.xml:86:25-73
177            </intent-filter>
178        </receiver>
179        <receiver
179-->[androidx.work:work-runtime:2.10.0] AndroidManifest.xml:89:9-99:20
180            android:name="androidx.work.impl.background.systemalarm.ConstraintProxy$StorageNotLowProxy"
180-->[androidx.work:work-runtime:2.10.0] AndroidManifest.xml:90:13-104
181            android:directBootAware="false"
181-->[androidx.work:work-runtime:2.10.0] AndroidManifest.xml:91:13-44
182            android:enabled="false"
182-->[androidx.work:work-runtime:2.10.0] AndroidManifest.xml:92:13-36
183            android:exported="false" >
183-->[androidx.work:work-runtime:2.10.0] AndroidManifest.xml:93:13-37
184            <intent-filter>
184-->[androidx.work:work-runtime:2.10.0] AndroidManifest.xml:95:13-98:29
185                <action android:name="android.intent.action.DEVICE_STORAGE_LOW" />
185-->[androidx.work:work-runtime:2.10.0] AndroidManifest.xml:96:17-83
185-->[androidx.work:work-runtime:2.10.0] AndroidManifest.xml:96:25-80
186                <action android:name="android.intent.action.DEVICE_STORAGE_OK" />
186-->[androidx.work:work-runtime:2.10.0] AndroidManifest.xml:97:17-82
186-->[androidx.work:work-runtime:2.10.0] AndroidManifest.xml:97:25-79
187            </intent-filter>
188        </receiver>
189        <receiver
189-->[androidx.work:work-runtime:2.10.0] AndroidManifest.xml:100:9-109:20
190            android:name="androidx.work.impl.background.systemalarm.ConstraintProxy$NetworkStateProxy"
190-->[androidx.work:work-runtime:2.10.0] AndroidManifest.xml:101:13-103
191            android:directBootAware="false"
191-->[androidx.work:work-runtime:2.10.0] AndroidManifest.xml:102:13-44
192            android:enabled="false"
192-->[androidx.work:work-runtime:2.10.0] AndroidManifest.xml:103:13-36
193            android:exported="false" >
193-->[androidx.work:work-runtime:2.10.0] AndroidManifest.xml:104:13-37
194            <intent-filter>
194-->[androidx.work:work-runtime:2.10.0] AndroidManifest.xml:106:13-108:29
195                <action android:name="android.net.conn.CONNECTIVITY_CHANGE" />
195-->[androidx.work:work-runtime:2.10.0] AndroidManifest.xml:107:17-79
195-->[androidx.work:work-runtime:2.10.0] AndroidManifest.xml:107:25-76
196            </intent-filter>
197        </receiver>
198        <receiver
198-->[androidx.work:work-runtime:2.10.0] AndroidManifest.xml:110:9-121:20
199            android:name="androidx.work.impl.background.systemalarm.RescheduleReceiver"
199-->[androidx.work:work-runtime:2.10.0] AndroidManifest.xml:111:13-88
200            android:directBootAware="false"
200-->[androidx.work:work-runtime:2.10.0] AndroidManifest.xml:112:13-44
201            android:enabled="false"
201-->[androidx.work:work-runtime:2.10.0] AndroidManifest.xml:113:13-36
202            android:exported="false" >
202-->[androidx.work:work-runtime:2.10.0] AndroidManifest.xml:114:13-37
203            <intent-filter>
203-->[androidx.work:work-runtime:2.10.0] AndroidManifest.xml:116:13-120:29
204                <action android:name="android.intent.action.BOOT_COMPLETED" />
204-->[androidx.work:work-runtime:2.10.0] AndroidManifest.xml:117:17-79
204-->[androidx.work:work-runtime:2.10.0] AndroidManifest.xml:117:25-76
205                <action android:name="android.intent.action.TIME_SET" />
205-->[androidx.work:work-runtime:2.10.0] AndroidManifest.xml:118:17-73
205-->[androidx.work:work-runtime:2.10.0] AndroidManifest.xml:118:25-70
206                <action android:name="android.intent.action.TIMEZONE_CHANGED" />
206-->[androidx.work:work-runtime:2.10.0] AndroidManifest.xml:119:17-81
206-->[androidx.work:work-runtime:2.10.0] AndroidManifest.xml:119:25-78
207            </intent-filter>
208        </receiver>
209        <receiver
209-->[androidx.work:work-runtime:2.10.0] AndroidManifest.xml:122:9-131:20
210            android:name="androidx.work.impl.background.systemalarm.ConstraintProxyUpdateReceiver"
210-->[androidx.work:work-runtime:2.10.0] AndroidManifest.xml:123:13-99
211            android:directBootAware="false"
211-->[androidx.work:work-runtime:2.10.0] AndroidManifest.xml:124:13-44
212            android:enabled="@bool/enable_system_alarm_service_default"
212-->[androidx.work:work-runtime:2.10.0] AndroidManifest.xml:125:13-72
213            android:exported="false" >
213-->[androidx.work:work-runtime:2.10.0] AndroidManifest.xml:126:13-37
214            <intent-filter>
214-->[androidx.work:work-runtime:2.10.0] AndroidManifest.xml:128:13-130:29
215                <action android:name="androidx.work.impl.background.systemalarm.UpdateProxies" />
215-->[androidx.work:work-runtime:2.10.0] AndroidManifest.xml:129:17-98
215-->[androidx.work:work-runtime:2.10.0] AndroidManifest.xml:129:25-95
216            </intent-filter>
217        </receiver>
218        <receiver
218-->[androidx.work:work-runtime:2.10.0] AndroidManifest.xml:132:9-142:20
219            android:name="androidx.work.impl.diagnostics.DiagnosticsReceiver"
219-->[androidx.work:work-runtime:2.10.0] AndroidManifest.xml:133:13-78
220            android:directBootAware="false"
220-->[androidx.work:work-runtime:2.10.0] AndroidManifest.xml:134:13-44
221            android:enabled="true"
221-->[androidx.work:work-runtime:2.10.0] AndroidManifest.xml:135:13-35
222            android:exported="true"
222-->[androidx.work:work-runtime:2.10.0] AndroidManifest.xml:136:13-36
223            android:permission="android.permission.DUMP" >
223-->[androidx.work:work-runtime:2.10.0] AndroidManifest.xml:137:13-57
224            <intent-filter>
224-->[androidx.work:work-runtime:2.10.0] AndroidManifest.xml:139:13-141:29
225                <action android:name="androidx.work.diagnostics.REQUEST_DIAGNOSTICS" />
225-->[androidx.work:work-runtime:2.10.0] AndroidManifest.xml:140:17-88
225-->[androidx.work:work-runtime:2.10.0] AndroidManifest.xml:140:25-85
226            </intent-filter>
227        </receiver>
228
229        <service
229-->[androidx.room:room-runtime:2.6.1] AndroidManifest.xml:24:9-28:63
230            android:name="androidx.room.MultiInstanceInvalidationService"
230-->[androidx.room:room-runtime:2.6.1] AndroidManifest.xml:25:13-74
231            android:directBootAware="true"
231-->[androidx.room:room-runtime:2.6.1] AndroidManifest.xml:26:13-43
232            android:exported="false" />
232-->[androidx.room:room-runtime:2.6.1] AndroidManifest.xml:27:13-37
233
234        <receiver
234-->[androidx.profileinstaller:profileinstaller:1.3.1] AndroidManifest.xml:34:9-52:20
235            android:name="androidx.profileinstaller.ProfileInstallReceiver"
235-->[androidx.profileinstaller:profileinstaller:1.3.1] AndroidManifest.xml:35:13-76
236            android:directBootAware="false"
236-->[androidx.profileinstaller:profileinstaller:1.3.1] AndroidManifest.xml:36:13-44
237            android:enabled="true"
237-->[androidx.profileinstaller:profileinstaller:1.3.1] AndroidManifest.xml:37:13-35
238            android:exported="true"
238-->[androidx.profileinstaller:profileinstaller:1.3.1] AndroidManifest.xml:38:13-36
239            android:permission="android.permission.DUMP" >
239-->[androidx.profileinstaller:profileinstaller:1.3.1] AndroidManifest.xml:39:13-57
240            <intent-filter>
240-->[androidx.profileinstaller:profileinstaller:1.3.1] AndroidManifest.xml:40:13-42:29
241                <action android:name="androidx.profileinstaller.action.INSTALL_PROFILE" />
241-->[androidx.profileinstaller:profileinstaller:1.3.1] AndroidManifest.xml:41:17-91
241-->[androidx.profileinstaller:profileinstaller:1.3.1] AndroidManifest.xml:41:25-88
242            </intent-filter>
243            <intent-filter>
243-->[androidx.profileinstaller:profileinstaller:1.3.1] AndroidManifest.xml:43:13-45:29
244                <action android:name="androidx.profileinstaller.action.SKIP_FILE" />
244-->[androidx.profileinstaller:profileinstaller:1.3.1] AndroidManifest.xml:44:17-85
244-->[androidx.profileinstaller:profileinstaller:1.3.1] AndroidManifest.xml:44:25-82
245            </intent-filter>
246            <intent-filter>
246-->[androidx.profileinstaller:profileinstaller:1.3.1] AndroidManifest.xml:46:13-48:29
247                <action android:name="androidx.profileinstaller.action.SAVE_PROFILE" />
247-->[androidx.profileinstaller:profileinstaller:1.3.1] AndroidManifest.xml:47:17-88
247-->[androidx.profileinstaller:profileinstaller:1.3.1] AndroidManifest.xml:47:25-85
248            </intent-filter>
249            <intent-filter>
249-->[androidx.profileinstaller:profileinstaller:1.3.1] AndroidManifest.xml:49:13-51:29
250                <action android:name="androidx.profileinstaller.action.BENCHMARK_OPERATION" />
250-->[androidx.profileinstaller:profileinstaller:1.3.1] AndroidManifest.xml:50:17-95
250-->[androidx.profileinstaller:profileinstaller:1.3.1] AndroidManifest.xml:50:25-92
251            </intent-filter>
252        </receiver>
253    </application>
254
255</manifest>